d:\projects\02_under_process\catmullrom\template\opengltemplate\debug\vc141.pdb
d:\projects\02_under_process\catmullrom\template\opengltemplate\debug\vertexbufferobjectindexed.obj
d:\projects\02_under_process\catmullrom\template\opengltemplate\debug\vertexbufferobject.obj
d:\projects\02_under_process\catmullrom\template\opengltemplate\debug\texture.obj
d:\projects\02_under_process\catmullrom\template\opengltemplate\debug\sphere.obj
d:\projects\02_under_process\catmullrom\template\opengltemplate\debug\skybox.obj
d:\projects\02_under_process\catmullrom\template\opengltemplate\debug\shaders.obj
d:\projects\02_under_process\catmullrom\template\opengltemplate\debug\plane.obj
d:\projects\02_under_process\catmullrom\template\opengltemplate\debug\openassetimportmesh.obj
d:\projects\02_under_process\catmullrom\template\opengltemplate\debug\matrixstack.obj
d:\projects\02_under_process\catmullrom\template\opengltemplate\debug\highresolutiontimer.obj
d:\projects\02_under_process\catmullrom\template\opengltemplate\debug\gamewindow.obj
d:\projects\02_under_process\catmullrom\template\opengltemplate\debug\game.obj
d:\projects\02_under_process\catmullrom\template\opengltemplate\debug\freetypefont.obj
d:\projects\02_under_process\catmullrom\template\opengltemplate\debug\cubemap.obj
d:\projects\02_under_process\catmullrom\template\opengltemplate\debug\camera.obj
d:\projects\02_under_process\catmullrom\template\opengltemplate\debug\audio.obj
d:\projects\02_under_process\catmullrom\template\opengltemplate\debug\ccatmullrom.obj
d:\projects\02_under_process\catmullrom\template\opengltemplate\debug\renderer.obj
d:\projects\02_under_process\catmullrom\template\opengltemplate\debug\playertransform.obj
d:\projects\02_under_process\catmullrom\template\opengltemplate\debug\catmullrom.obj
d:\projects\02_under_process\catmullrom\template\opengltemplate\debug\vc140.idb
d:\projects\02_under_process\catmullrom\template\opengltemplate\debug\vc140.pdb
d:\projects\02_under_process\catmullrom\template\debug\opengltemplate.pdb
d:\projects\02_under_process\catmullrom\template\opengltemplate\debug\opengltemplate.tlog\cl.command.1.tlog
d:\projects\02_under_process\catmullrom\template\opengltemplate\debug\opengltemplate.tlog\cl.read.1.tlog
d:\projects\02_under_process\catmullrom\template\opengltemplate\debug\opengltemplate.tlog\cl.write.1.tlog
d:\projects\02_under_process\catmullrom\template\opengltemplate\debug\opengltemplate.tlog\link-cvtres.read.1.tlog
d:\projects\02_under_process\catmullrom\template\opengltemplate\debug\opengltemplate.tlog\link-cvtres.write.1.tlog
d:\projects\02_under_process\catmullrom\template\opengltemplate\debug\opengltemplate.tlog\link-rc.read.1.tlog
d:\projects\02_under_process\catmullrom\template\opengltemplate\debug\opengltemplate.tlog\link-rc.write.1.tlog
d:\projects\02_under_process\catmullrom\template\opengltemplate\debug\opengltemplate.tlog\link.command.1.tlog
d:\projects\02_under_process\catmullrom\template\opengltemplate\debug\opengltemplate.tlog\link.read.1.tlog
d:\projects\02_under_process\catmullrom\template\opengltemplate\debug\opengltemplate.tlog\link.write.1.tlog
